#
# A fatal error has been detected by the Java Runtime Environment:
#
#  EXCEPTION_ACCESS_VIOLATION (0xc0000005) at pc=0x68db29c9, pid=4608, tid=2548
#
# JRE version: Java(TM) SE Runtime Environment (7.0_75-b13) (build 1.7.0_75-b13)
# Java VM: Java HotSpot(TM) Client VM (24.75-b04 mixed mode, sharing windows-x86 )
# Problematic frame:
# V  [jvm.dll+0xc29c9]
#
# Failed to write core dump. Minidumps are not enabled by default on client versions of Windows
#
# If you would like to submit a bug report, please visit:
#   http://bugreport.sun.com/bugreport/crash.jsp
#

---------------  T H R E A D  ---------------

Current thread (0x03f3ec00):  JavaThread "AWT-EventQueue-0" [_thread_in_vm, id=2548, stack(0x03dc0000,0x03e10000)]

siginfo: ExceptionCode=0xc0000005, reading address 0x00000000

Registers:
EAX=0x00000000, EBX=0x03f3ec00, ECX=0x00000000, EDX=0x00000000
ESP=0x03e0cdd4, EBP=0x03e0cde8, ESI=0x001becc0, EDI=0x03f3ed30
EIP=0x68db29c9, EFLAGS=0x00010246

Top of Stack: (sp=0x03e0cdd4)
0x03e0cdd4:   33bcaac0 03f3ec00 00000000 23c87148
0x03e0cde4:   33bcaac0 03e0ce18 61381f65 03f3ed30
0x03e0cdf4:   00000000 00000000 50200030 23c87148
0x03e0ce04:   03e0ce18 03e0ce38 33bcaac0 33bcaab8
0x03e0ce14:   03f3ec00 03e0ce58 01a1b145 03f3ed30
0x03e0ce24:   03e0ce6c 00000000 03e0ce30 00000000
0x03e0ce34:   290b8c90 03e0ce30 00000000 03e0ce6c
0x03e0ce44:   33bd0e10 00000000 33bcaac0 00000000 

Instructions: (pc=0x68db29c9)
0x68db29a9:   f3 ff 83 c4 08 83 7b 04 00 89 5d f0 c7 45 f4 00
0x68db29b9:   00 00 00 74 08 8d 4d f0 e8 4a c5 0c 00 8b 45 0c
0x68db29c9:   8b 00 56 57 50 89 45 0c e8 7a 36 f7 ff 83 c4 04
0x68db29d9:   80 3d 28 84 03 69 00 8d 70 01 74 0c 6a 00 e8 d4 


Register to memory mapping:

EAX=0x00000000 is an unknown value
EBX=0x03f3ec00 is a thread
ECX=0x00000000 is an unknown value
EDX=0x00000000 is an unknown value
ESP=0x03e0cdd4 is pointing into the stack for thread: 0x03f3ec00
EBP=0x03e0cde8 is pointing into the stack for thread: 0x03f3ec00
ESI=0x001becc0 is an unknown value
EDI=0x03f3ed30 is an unknown value


Stack: [0x03dc0000,0x03e10000],  sp=0x03e0cdd4,  free space=307k
Native frames: (J=compiled Java code, j=interpreted, Vv=VM code, C=native code)
V  [jvm.dll+0xc29c9]
C  [sqlite-3.7.2-sqlitejdbc.dll+0x1f65]
j  org.sqlite.NativeDB.prepare(Ljava/lang/String;)J+0
j  org.sqlite.DB.prepare(Lorg/sqlite/Stmt;)V+21
j  org.sqlite.PrepStmt.<init>(Lorg/sqlite/Conn;Ljava/lang/String;)V+15
j  org.sqlite.Conn.prepareStatement(Ljava/lang/String;III)Ljava/sql/PreparedStatement;+14
j  org.sqlite.Conn.prepareStatement(Ljava/lang/String;II)Ljava/sql/PreparedStatement;+5
j  org.sqlite.Conn.prepareStatement(Ljava/lang/String;)Ljava/sql/PreparedStatement;+8
j  ru.viljinsky.Dataset.edit(Ljava/lang/Integer;Ljava/util/Map;)V+223
j  ru.viljinsky.Grid$5.doOnEntry()V+29
j  ru.viljinsky.BaseDialog.actionPerformed(Ljava/awt/event/ActionEvent;)V+89
j  javax.swing.AbstractButton.fireActionPerformed(Ljava/awt/event/ActionEvent;)V+84
j  javax.swing.AbstractButton$Handler.actionPerformed(Ljava/awt/event/ActionEvent;)V+5
j  javax.swing.DefaultButtonModel.fireActionPerformed(Ljava/awt/event/ActionEvent;)V+35
j  javax.swing.DefaultButtonModel.setPressed(Z)V+117
j  javax.swing.plaf.basic.BasicButtonListener.mouseReleased(Ljava/awt/event/MouseEvent;)V+35
j  java.awt.Component.processMouseEvent(Ljava/awt/event/MouseEvent;)V+64
j  javax.swing.JComponent.processMouseEvent(Ljava/awt/event/MouseEvent;)V+23
J 735 C1 java.awt.Component.processEvent(Ljava/awt/AWTEvent;)V (220 bytes) @ 0x01b8ee98 [0x01b8ed90+0x108]
j  java.awt.Container.processEvent(Ljava/awt/AWTEvent;)V+18
J 695 C1 java.awt.Component.dispatchEventImpl(Ljava/awt/AWTEvent;)V (875 bytes) @ 0x01b7bd44 [0x01b7afb0+0xd94]
J 579 C1 java.awt.Container.dispatchEventImpl(Ljava/awt/AWTEvent;)V (129 bytes) @ 0x01b58bbc [0x01b58b60+0x5c]
J 366 C1 java.awt.LightweightDispatcher.retargetMouseEvent(Ljava/awt/Component;ILjava/awt/event/MouseEvent;)V (350 bytes) @ 0x01b1a998 [0x01b1a340+0x658]
J 774 C1 java.awt.LightweightDispatcher.processMouseEvent(Ljava/awt/event/MouseEvent;)Z (276 bytes) @ 0x01ba9798 [0x01ba93e0+0x3b8]
J 757 C1 java.awt.LightweightDispatcher.dispatchEvent(Ljava/awt/AWTEvent;)Z (73 bytes) @ 0x01ba411c [0x01ba4030+0xec]
J 579 C1 java.awt.Container.dispatchEventImpl(Ljava/awt/AWTEvent;)V (129 bytes) @ 0x01b58ba0 [0x01b58b60+0x40]
J 760 C1 java.awt.Window.dispatchEventImpl(Ljava/awt/AWTEvent;)V (23 bytes) @ 0x01ba4a08 [0x01ba4900+0x108]
J 568 C1 java.awt.EventQueue.dispatchEventImpl(Ljava/awt/AWTEvent;Ljava/lang/Object;)V (149 bytes) @ 0x01b55ae4 [0x01b55700+0x3e4]
J 565 C1 java.awt.EventQueue$3.run()Ljava/lang/Object; (5 bytes) @ 0x01b54f40 [0x01b54f10+0x30]
v  ~StubRoutines::call_stub
V  [jvm.dll+0x141eba]
V  [jvm.dll+0x2061de]
V  [jvm.dll+0x141f3d]
V  [jvm.dll+0xfc3aa]
C  [java.dll+0x102f]
J 534 C1 java.security.ProtectionDomain$1.doIntersectionPrivilege(Ljava/security/PrivilegedAction;Ljava/security/AccessControlContext;Ljava/security/AccessControlContext;)Ljava/lang/Object; (32 bytes) @ 0x01b4b8d0 [0x01b4b830+0xa0]
J 715 C1 java.awt.EventQueue$4.run()Ljava/lang/Object; (5 bytes) @ 0x01b85528 [0x01b85470+0xb8]
v  ~StubRoutines::call_stub
V  [jvm.dll+0x141eba]
V  [jvm.dll+0x2061de]
V  [jvm.dll+0x141f3d]
V  [jvm.dll+0xfc3aa]
C  [java.dll+0x102f]
J 562 C1 java.awt.EventQueue.dispatchEvent(Ljava/awt/AWTEvent;)V (80 bytes) @ 0x01b540f0 [0x01b53e40+0x2b0]
J 382 C1 java.awt.EventDispatchThread.pumpOneEventForFilters(I)V (295 bytes) @ 0x01b1ec2c [0x01b1e590+0x69c]
J 728 C1 java.awt.EventDispatchThread.pumpEventsForFilter(ILjava/awt/Conditional;Ljava/awt/EventFilter;)V (47 bytes) @ 0x01b8ad0c [0x01b8ac80+0x8c]
j  java.awt.EventDispatchThread.pumpEventsForFilter(Ljava/awt/Conditional;Ljava/awt/EventFilter;)V+4
j  java.awt.WaitDispatchSupport$2.run()V+59
j  java.awt.WaitDispatchSupport$4.run()Ljava/lang/Object;+4
v  ~StubRoutines::call_stub
V  [jvm.dll+0x141eba]
V  [jvm.dll+0x2061de]
V  [jvm.dll+0x141f3d]
V  [jvm.dll+0xfc3aa]
C  [java.dll+0x1015]
j  java.awt.WaitDispatchSupport.enter()Z+231
j  java.awt.Dialog.show()V+233
j  java.awt.Component.show(Z)V+5
j  java.awt.Component.setVisible(Z)V+2
j  java.awt.Window.setVisible(Z)V+2
j  java.awt.Dialog.setVisible(Z)V+2
j  ru.viljinsky.BaseDialog.showModal(Ljava/awt/Component;)Ljava/lang/Integer;+121
j  ru.viljinsky.Grid.edit()V+64
j  ru.viljinsky.Grid$3.mouseClicked(Ljava/awt/event/MouseEvent;)V+12
j  java.awt.AWTEventMulticaster.mouseClicked(Ljava/awt/event/MouseEvent;)V+21
j  java.awt.Component.processMouseEvent(Ljava/awt/event/MouseEvent;)V+74
j  javax.swing.JComponent.processMouseEvent(Ljava/awt/event/MouseEvent;)V+23
J 735 C1 java.awt.Component.processEvent(Ljava/awt/AWTEvent;)V (220 bytes) @ 0x01b8ee98 [0x01b8ed90+0x108]
j  java.awt.Container.processEvent(Ljava/awt/AWTEvent;)V+18
J 695 C1 java.awt.Component.dispatchEventImpl(Ljava/awt/AWTEvent;)V (875 bytes) @ 0x01b7bd44 [0x01b7afb0+0xd94]
J 579 C1 java.awt.Container.dispatchEventImpl(Ljava/awt/AWTEvent;)V (129 bytes) @ 0x01b58bbc [0x01b58b60+0x5c]
J 366 C1 java.awt.LightweightDispatcher.retargetMouseEvent(Ljava/awt/Component;ILjava/awt/event/MouseEvent;)V (350 bytes) @ 0x01b1a998 [0x01b1a340+0x658]
j  java.awt.LightweightDispatcher.processMouseEvent(Ljava/awt/event/MouseEvent;)Z+157
j  java.awt.LightweightDispatcher.dispatchEvent(Ljava/awt/AWTEvent;)Z+50
J 579 C1 java.awt.Container.dispatchEventImpl(Ljava/awt/AWTEvent;)V (129 bytes) @ 0x01b58ba0 [0x01b58b60+0x40]
j  java.awt.Window.dispatchEventImpl(Ljava/awt/AWTEvent;)V+19
J 568 C1 java.awt.EventQueue.dispatchEventImpl(Ljava/awt/AWTEvent;Ljava/lang/Object;)V (149 bytes) @ 0x01b55ae4 [0x01b55700+0x3e4]
J 565 C1 java.awt.EventQueue$3.run()Ljava/lang/Object; (5 bytes) @ 0x01b54f40 [0x01b54f10+0x30]
v  ~StubRoutines::call_stub
V  [jvm.dll+0x141eba]
V  [jvm.dll+0x2061de]
V  [jvm.dll+0x141f3d]
V  [jvm.dll+0xfc3aa]
C  [java.dll+0x102f]
J 534 C1 java.security.ProtectionDomain$1.doIntersectionPrivilege(Ljava/security/PrivilegedAction;Ljava/security/AccessControlContext;Ljava/security/AccessControlContext;)Ljava/lang/Object; (32 bytes) @ 0x01b4b8d0 [0x01b4b830+0xa0]
J 715 C1 java.awt.EventQueue$4.run()Ljava/lang/Object; (5 bytes) @ 0x01b85528 [0x01b85470+0xb8]
v  ~StubRoutines::call_stub
V  [jvm.dll+0x141eba]
V  [jvm.dll+0x2061de]
V  [jvm.dll+0x141f3d]
V  [jvm.dll+0xfc3aa]
C  [java.dll+0x102f]
J 562 C1 java.awt.EventQueue.dispatchEvent(Ljava/awt/AWTEvent;)V (80 bytes) @ 0x01b540f0 [0x01b53e40+0x2b0]
J 382 C1 java.awt.EventDispatchThread.pumpOneEventForFilters(I)V (295 bytes) @ 0x01b1ec2c [0x01b1e590+0x69c]
j  java.awt.EventDispatchThread.pumpEventsForFilter(ILjava/awt/Conditional;Ljava/awt/EventFilter;)V+35
j  java.awt.EventDispatchThread.pumpEventsForHierarchy(ILjava/awt/Conditional;Ljava/awt/Component;)V+11
j  java.awt.EventDispatchThread.pumpEvents(ILjava/awt/Conditional;)V+4
j  java.awt.EventDispatchThread.pumpEvents(Ljava/awt/Conditional;)V+3
j  java.awt.EventDispatchThread.run()V+9
v  ~StubRoutines::call_stub
...<more frames>...

Java frames: (J=compiled Java code, j=interpreted, Vv=VM code)
j  org.sqlite.NativeDB.prepare(Ljava/lang/String;)J+0
j  org.sqlite.DB.prepare(Lorg/sqlite/Stmt;)V+21
j  org.sqlite.PrepStmt.<init>(Lorg/sqlite/Conn;Ljava/lang/String;)V+15
j  org.sqlite.Conn.prepareStatement(Ljava/lang/String;III)Ljava/sql/PreparedStatement;+14
j  org.sqlite.Conn.prepareStatement(Ljava/lang/String;II)Ljava/sql/PreparedStatement;+5
j  org.sqlite.Conn.prepareStatement(Ljava/lang/String;)Ljava/sql/PreparedStatement;+8
j  ru.viljinsky.Dataset.edit(Ljava/lang/Integer;Ljava/util/Map;)V+223
j  ru.viljinsky.Grid$5.doOnEntry()V+29
j  ru.viljinsky.BaseDialog.actionPerformed(Ljava/awt/event/ActionEvent;)V+89
j  javax.swing.AbstractButton.fireActionPerformed(Ljava/awt/event/ActionEvent;)V+84
j  javax.swing.AbstractButton$Handler.actionPerformed(Ljava/awt/event/ActionEvent;)V+5
j  javax.swing.DefaultButtonModel.fireActionPerformed(Ljava/awt/event/ActionEvent;)V+35
j  javax.swing.DefaultButtonModel.setPressed(Z)V+117
j  javax.swing.plaf.basic.BasicButtonListener.mouseReleased(Ljava/awt/event/MouseEvent;)V+35
j  java.awt.Component.processMouseEvent(Ljava/awt/event/MouseEvent;)V+64
j  javax.swing.JComponent.processMouseEvent(Ljava/awt/event/MouseEvent;)V+23
J 735 C1 java.awt.Component.processEvent(Ljava/awt/AWTEvent;)V (220 bytes) @ 0x01b8ee98 [0x01b8ed90+0x108]
j  java.awt.Container.processEvent(Ljava/awt/AWTEvent;)V+18
J 695 C1 java.awt.Component.dispatchEventImpl(Ljava/awt/AWTEvent;)V (875 bytes) @ 0x01b7bd44 [0x01b7afb0+0xd94]
J 579 C1 java.awt.Container.dispatchEventImpl(Ljava/awt/AWTEvent;)V (129 bytes) @ 0x01b58bbc [0x01b58b60+0x5c]
J 366 C1 java.awt.LightweightDispatcher.retargetMouseEvent(Ljava/awt/Component;ILjava/awt/event/MouseEvent;)V (350 bytes) @ 0x01b1a998 [0x01b1a340+0x658]
J 774 C1 java.awt.LightweightDispatcher.processMouseEvent(Ljava/awt/event/MouseEvent;)Z (276 bytes) @ 0x01ba9798 [0x01ba93e0+0x3b8]
J 757 C1 java.awt.LightweightDispatcher.dispatchEvent(Ljava/awt/AWTEvent;)Z (73 bytes) @ 0x01ba411c [0x01ba4030+0xec]
J 579 C1 java.awt.Container.dispatchEventImpl(Ljava/awt/AWTEvent;)V (129 bytes) @ 0x01b58ba0 [0x01b58b60+0x40]
J 760 C1 java.awt.Window.dispatchEventImpl(Ljava/awt/AWTEvent;)V (23 bytes) @ 0x01ba4a08 [0x01ba4900+0x108]
J 568 C1 java.awt.EventQueue.dispatchEventImpl(Ljava/awt/AWTEvent;Ljava/lang/Object;)V (149 bytes) @ 0x01b55ae4 [0x01b55700+0x3e4]
J 565 C1 java.awt.EventQueue$3.run()Ljava/lang/Object; (5 bytes) @ 0x01b54f40 [0x01b54f10+0x30]
v  ~StubRoutines::call_stub
J 410  java.security.AccessController.doPrivileged(Ljava/security/PrivilegedAction;Ljava/security/AccessControlContext;)Ljava/lang/Object; (0 bytes) @ 0x01b29d07 [0x01b29ca0+0x67]
J 534 C1 java.security.ProtectionDomain$1.doIntersectionPrivilege(Ljava/security/PrivilegedAction;Ljava/security/AccessControlContext;Ljava/security/AccessControlContext;)Ljava/lang/Object; (32 bytes) @ 0x01b4b8d0 [0x01b4b830+0xa0]
J 715 C1 java.awt.EventQueue$4.run()Ljava/lang/Object; (5 bytes) @ 0x01b85528 [0x01b85470+0xb8]
v  ~StubRoutines::call_stub
J 410  java.security.AccessController.doPrivileged(Ljava/security/PrivilegedAction;Ljava/security/AccessControlContext;)Ljava/lang/Object; (0 bytes) @ 0x01b29d07 [0x01b29ca0+0x67]
J 562 C1 java.awt.EventQueue.dispatchEvent(Ljava/awt/AWTEvent;)V (80 bytes) @ 0x01b540f0 [0x01b53e40+0x2b0]
J 382 C1 java.awt.EventDispatchThread.pumpOneEventForFilters(I)V (295 bytes) @ 0x01b1ec2c [0x01b1e590+0x69c]
J 728 C1 java.awt.EventDispatchThread.pumpEventsForFilter(ILjava/awt/Conditional;Ljava/awt/EventFilter;)V (47 bytes) @ 0x01b8ad0c [0x01b8ac80+0x8c]
j  java.awt.EventDispatchThread.pumpEventsForFilter(Ljava/awt/Conditional;Ljava/awt/EventFilter;)V+4
j  java.awt.WaitDispatchSupport$2.run()V+59
j  java.awt.WaitDispatchSupport$4.run()Ljava/lang/Object;+4
v  ~StubRoutines::call_stub
j  java.security.AccessController.doPrivileged(Ljava/security/PrivilegedAction;)Ljava/lang/Object;+0
j  java.awt.WaitDispatchSupport.enter()Z+231
j  java.awt.Dialog.show()V+233
j  java.awt.Component.show(Z)V+5
j  java.awt.Component.setVisible(Z)V+2
j  java.awt.Window.setVisible(Z)V+2
j  java.awt.Dialog.setVisible(Z)V+2
j  ru.viljinsky.BaseDialog.showModal(Ljava/awt/Component;)Ljava/lang/Integer;+121
j  ru.viljinsky.Grid.edit()V+64
j  ru.viljinsky.Grid$3.mouseClicked(Ljava/awt/event/MouseEvent;)V+12
j  java.awt.AWTEventMulticaster.mouseClicked(Ljava/awt/event/MouseEvent;)V+21
j  java.awt.Component.processMouseEvent(Ljava/awt/event/MouseEvent;)V+74
j  javax.swing.JComponent.processMouseEvent(Ljava/awt/event/MouseEvent;)V+23
J 735 C1 java.awt.Component.processEvent(Ljava/awt/AWTEvent;)V (220 bytes) @ 0x01b8ee98 [0x01b8ed90+0x108]
j  java.awt.Container.processEvent(Ljava/awt/AWTEvent;)V+18
J 695 C1 java.awt.Component.dispatchEventImpl(Ljava/awt/AWTEvent;)V (875 bytes) @ 0x01b7bd44 [0x01b7afb0+0xd94]
J 579 C1 java.awt.Container.dispatchEventImpl(Ljava/awt/AWTEvent;)V (129 bytes) @ 0x01b58bbc [0x01b58b60+0x5c]
J 366 C1 java.awt.LightweightDispatcher.retargetMouseEvent(Ljava/awt/Component;ILjava/awt/event/MouseEvent;)V (350 bytes) @ 0x01b1a998 [0x01b1a340+0x658]
j  java.awt.LightweightDispatcher.processMouseEvent(Ljava/awt/event/MouseEvent;)Z+157
j  java.awt.LightweightDispatcher.dispatchEvent(Ljava/awt/AWTEvent;)Z+50
J 579 C1 java.awt.Container.dispatchEventImpl(Ljava/awt/AWTEvent;)V (129 bytes) @ 0x01b58ba0 [0x01b58b60+0x40]
j  java.awt.Window.dispatchEventImpl(Ljava/awt/AWTEvent;)V+19
J 568 C1 java.awt.EventQueue.dispatchEventImpl(Ljava/awt/AWTEvent;Ljava/lang/Object;)V (149 bytes) @ 0x01b55ae4 [0x01b55700+0x3e4]
J 565 C1 java.awt.EventQueue$3.run()Ljava/lang/Object; (5 bytes) @ 0x01b54f40 [0x01b54f10+0x30]
v  ~StubRoutines::call_stub
J 410  java.security.AccessController.doPrivileged(Ljava/security/PrivilegedAction;Ljava/security/AccessControlContext;)Ljava/lang/Object; (0 bytes) @ 0x01b29d07 [0x01b29ca0+0x67]
J 534 C1 java.security.ProtectionDomain$1.doIntersectionPrivilege(Ljava/security/PrivilegedAction;Ljava/security/AccessControlContext;Ljava/security/AccessControlContext;)Ljava/lang/Object; (32 bytes) @ 0x01b4b8d0 [0x01b4b830+0xa0]
J 715 C1 java.awt.EventQueue$4.run()Ljava/lang/Object; (5 bytes) @ 0x01b85528 [0x01b85470+0xb8]
v  ~StubRoutines::call_stub
J 410  java.security.AccessController.doPrivileged(Ljava/security/PrivilegedAction;Ljava/security/AccessControlContext;)Ljava/lang/Object; (0 bytes) @ 0x01b29d07 [0x01b29ca0+0x67]
J 562 C1 java.awt.EventQueue.dispatchEvent(Ljava/awt/AWTEvent;)V (80 bytes) @ 0x01b540f0 [0x01b53e40+0x2b0]
J 382 C1 java.awt.EventDispatchThread.pumpOneEventForFilters(I)V (295 bytes) @ 0x01b1ec2c [0x01b1e590+0x69c]
j  java.awt.EventDispatchThread.pumpEventsForFilter(ILjava/awt/Conditional;Ljava/awt/EventFilter;)V+35
j  java.awt.EventDispatchThread.pumpEventsForHierarchy(ILjava/awt/Conditional;Ljava/awt/Component;)V+11
j  java.awt.EventDispatchThread.pumpEvents(ILjava/awt/Conditional;)V+4
j  java.awt.EventDispatchThread.pumpEvents(Ljava/awt/Conditional;)V+3
j  java.awt.EventDispatchThread.run()V+9
v  ~StubRoutines::call_stub

---------------  P R O C E S S  ---------------

Java Threads: ( => current thread )
  0x0407d400 JavaThread "TimerQueue" daemon [_thread_blocked, id=1048, stack(0x08150000,0x081a0000)]
  0x011fb800 JavaThread "DestroyJavaVM" [_thread_blocked, id=3804, stack(0x019c0000,0x01a10000)]
  0x04008000 JavaThread "D3D Screen Updater" daemon [_thread_blocked, id=4308, stack(0x06850000,0x068a0000)]
  0x03f94000 JavaThread "Swing-Shell" daemon [_thread_blocked, id=4276, stack(0x06700000,0x06750000)]
=>0x03f3ec00 JavaThread "AWT-EventQueue-0" [_thread_in_vm, id=2548, stack(0x03dc0000,0x03e10000)]
  0x03f34800 JavaThread "AWT-Windows" daemon [_thread_in_native, id=2072, stack(0x040e0000,0x04130000)]
  0x0174bc00 JavaThread "AWT-Shutdown" [_thread_blocked, id=4152, stack(0x03bb0000,0x03c00000)]
  0x0174b800 JavaThread "Java2D Disposer" daemon [_thread_blocked, id=3752, stack(0x04190000,0x041e0000)]
  0x0170ec00 JavaThread "Service Thread" daemon [_thread_blocked, id=3496, stack(0x03c20000,0x03c70000)]
  0x01701400 JavaThread "C1 CompilerThread0" daemon [_thread_blocked, id=4652, stack(0x03b50000,0x03ba0000)]
  0x01700400 JavaThread "Attach Listener" daemon [_thread_blocked, id=1424, stack(0x03d70000,0x03dc0000)]
  0x016fd000 JavaThread "Signal Dispatcher" daemon [_thread_blocked, id=4792, stack(0x03c80000,0x03cd0000)]
  0x0168e400 JavaThread "Finalizer" daemon [_thread_blocked, id=1908, stack(0x03ce0000,0x03d30000)]
  0x0168d000 JavaThread "Reference Handler" daemon [_thread_blocked, id=4464, stack(0x03ac0000,0x03b10000)]

Other Threads:
  0x0168b400 VMThread [stack: 0x03a60000,0x03ab0000] [id=252]
  0x01718400 WatcherThread [stack: 0x03e80000,0x03ed0000] [id=1780]

VM state:not at safepoint (normal execution)

VM Mutex/Monitor currently owned by a thread: None

Heap
 def new generation   total 4928K, used 2750K [0x23a00000, 0x23f50000, 0x28f50000)
  eden space 4416K,  59% used [0x23a00000, 0x23c8ebb8, 0x23e50000)
  from space 512K,  25% used [0x23ed0000, 0x23ef0c48, 0x23f50000)
  to   space 512K,   0% used [0x23e50000, 0x23e50000, 0x23ed0000)
 tenured generation   total 10944K, used 1725K [0x28f50000, 0x29a00000, 0x33a00000)
   the space 10944K,  15% used [0x28f50000, 0x290ff4f0, 0x290ff600, 0x29a00000)
 compacting perm gen  total 12288K, used 2331K [0x33a00000, 0x34600000, 0x37a00000)
   the space 12288K,  18% used [0x33a00000, 0x33c46cd8, 0x33c46e00, 0x34600000)
    ro space 10240K,  44% used [0x37a00000, 0x37e7b880, 0x37e7ba00, 0x38400000)
    rw space 12288K,  52% used [0x38400000, 0x38a43888, 0x38a43a00, 0x39000000)

Card table byte_map: [0x018d0000,0x01980000] byte_map_base: 0x017b3000

Polling page: 0x00190000

Code Cache  [0x01a10000, 0x01bb0000, 0x03a10000)
 total_blobs=1012 nmethods=778 adapters=169 free_code_cache=31111Kb largest_free_block=31857728

Compilation events (10 events):
Event: 98.161 Thread 0x01701400  779             sun.font.Font2D::getStrike (27 bytes)
Event: 98.162 Thread 0x01701400 nmethod 779 0x01bac748 code [0x01bac860, 0x01bac988]
Event: 98.162 Thread 0x01701400  780   !         sun.java2d.pipe.BufferedTextPipe::drawGlyphList (58 bytes)
Event: 98.162 Thread 0x01701400 nmethod 780 0x01baca88 code [0x01bacbe0, 0x01bacdac]
Event: 98.162 Thread 0x01701400  781             sun.java2d.d3d.D3DTextRenderer::validateContext (26 bytes)
Event: 98.162 Thread 0x01701400 nmethod 781 0x01bad148 code [0x01bad270, 0x01bad3d4]
Event: 98.162 Thread 0x01701400  782             sun.java2d.pipe.BufferedTextPipe::enqueueGlyphList (220 bytes)
Event: 98.164 Thread 0x01701400 nmethod 782 0x01bad588 code [0x01bad720, 0x01badb74]
Event: 98.164 Thread 0x01701400  783             sun.java2d.pipe.BufferedTextPipe::createPackedParams (57 bytes)
Event: 98.164 Thread 0x01701400 nmethod 783 0x01bae148 code [0x01bae240, 0x01bae310]

GC Heap History (6 events):
Event: 0.355 GC heap before
{Heap before GC invocations=0 (full 0):
 def new generation   total 4928K, used 4416K [0x23a00000, 0x23f50000, 0x28f50000)
  eden space 4416K, 100% used [0x23a00000, 0x23e50000, 0x23e50000)
  from space 512K,   0% used [0x23e50000, 0x23e50000, 0x23ed0000)
  to   space 512K,   0% used [0x23ed0000, 0x23ed0000, 0x23f50000)
 tenured generation   total 10944K, used 0K [0x28f50000, 0x29a00000, 0x33a00000)
   the space 10944K,   0% used [0x28f50000, 0x28f50000, 0x28f50200, 0x29a00000)
 compacting perm gen  total 12288K, used 1503K [0x33a00000, 0x34600000, 0x37a00000)
   the space 12288K,  12% used [0x33a00000, 0x33b77c58, 0x33b77e00, 0x34600000)
    ro space 10240K,  44% used [0x37a00000, 0x37e7b880, 0x37e7ba00, 0x38400000)
    rw space 12288K,  52% used [0x38400000, 0x38a43888, 0x38a43a00, 0x39000000)
Event: 0.360 GC heap after
Heap after GC invocations=1 (full 0):
 def new generation   total 4928K, used 512K [0x23a00000, 0x23f50000, 0x28f50000)
  eden space 4416K,   0% used [0x23a00000, 0x23a00000, 0x23e50000)
  from space 512K, 100% used [0x23ed0000, 0x23f50000, 0x23f50000)
  to   space 512K,   0% used [0x23e50000, 0x23e50000, 0x23ed0000)
 tenured generation   total 10944K, used 765K [0x28f50000, 0x29a00000, 0x33a00000)
   the space 10944K,   6% used [0x28f50000, 0x2900f640, 0x2900f800, 0x29a00000)
 compacting perm gen  total 12288K, used 1503K [0x33a00000, 0x34600000, 0x37a00000)
   the space 12288K,  12% used [0x33a00000, 0x33b77c58, 0x33b77e00, 0x34600000)
    ro space 10240K,  44% used [0x37a00000, 0x37e7b880, 0x37e7ba00, 0x38400000)
    rw space 12288K,  52% used [0x38400000, 0x38a43888, 0x38a43a00, 0x39000000)
}
Event: 0.538 GC heap before
{Heap before GC invocations=1 (full 0):
 def new generation   total 4928K, used 4928K [0x23a00000, 0x23f50000, 0x28f50000)
  eden space 4416K, 100% used [0x23a00000, 0x23e50000, 0x23e50000)
  from space 512K, 100% used [0x23ed0000, 0x23f50000, 0x23f50000)
  to   space 512K,   0% used [0x23e50000, 0x23e50000, 0x23ed0000)
 tenured generation   total 10944K, used 765K [0x28f50000, 0x29a00000, 0x33a00000)
   the space 10944K,   6% used [0x28f50000, 0x2900f640, 0x2900f800, 0x29a00000)
 compacting perm gen  total 12288K, used 2079K [0x33a00000, 0x34600000, 0x37a00000)
   the space 12288K,  16% used [0x33a00000, 0x33c07eb0, 0x33c08000, 0x34600000)
    ro space 10240K,  44% used [0x37a00000, 0x37e7b880, 0x37e7ba00, 0x38400000)
    rw space 12288K,  52% used [0x38400000, 0x38a43888, 0x38a43a00, 0x39000000)
Event: 0.542 GC heap after
Heap after GC invocations=2 (full 0):
 def new generation   total 4928K, used 512K [0x23a00000, 0x23f50000, 0x28f50000)
  eden space 4416K,   0% used [0x23a00000, 0x23a00000, 0x23e50000)
  from space 512K, 100% used [0x23e50000, 0x23ed0000, 0x23ed0000)
  to   space 512K,   0% used [0x23ed0000, 0x23ed0000, 0x23f50000)
 tenured generation   total 10944K, used 1336K [0x28f50000, 0x29a00000, 0x33a00000)
   the space 10944K,  12% used [0x28f50000, 0x2909e258, 0x2909e400, 0x29a00000)
 compacting perm gen  total 12288K, used 2079K [0x33a00000, 0x34600000, 0x37a00000)
   the space 12288K,  16% used [0x33a00000, 0x33c07eb0, 0x33c08000, 0x34600000)
    ro space 10240K,  44% used [0x37a00000, 0x37e7b880, 0x37e7ba00, 0x38400000)
    rw space 12288K,  52% used [0x38400000, 0x38a43888, 0x38a43a00, 0x39000000)
}
Event: 51.948 GC heap before
{Heap before GC invocations=2 (full 0):
 def new generation   total 4928K, used 4928K [0x23a00000, 0x23f50000, 0x28f50000)
  eden space 4416K, 100% used [0x23a00000, 0x23e50000, 0x23e50000)
  from space 512K, 100% used [0x23e50000, 0x23ed0000, 0x23ed0000)
  to   space 512K,   0% used [0x23ed0000, 0x23ed0000, 0x23f50000)
 tenured generation   total 10944K, used 1336K [0x28f50000, 0x29a00000, 0x33a00000)
   the space 10944K,  12% used [0x28f50000, 0x2909e258, 0x2909e400, 0x29a00000)
 compacting perm gen  total 12288K, used 2230K [0x33a00000, 0x34600000, 0x37a00000)
   the space 12288K,  18% used [0x33a00000, 0x33c2da88, 0x33c2dc00, 0x34600000)
    ro space 10240K,  44% used [0x37a00000, 0x37e7b880, 0x37e7ba00, 0x38400000)
    rw space 12288K,  52% used [0x38400000, 0x38a43888, 0x38a43a00, 0x39000000)
Event: 51.953 GC heap after
Heap after GC invocations=3 (full 0):
 def new generation   total 4928K, used 131K [0x23a00000, 0x23f50000, 0x28f50000)
  eden space 4416K,   0% used [0x23a00000, 0x23a00000, 0x23e50000)
  from space 512K,  25% used [0x23ed0000, 0x23ef0c48, 0x23f50000)
  to   space 512K,   0% used [0x23e50000, 0x23e50000, 0x23ed0000)
 tenured generation   total 10944K, used 1725K [0x28f50000, 0x29a00000, 0x33a00000)
   the space 10944K,  15% used [0x28f50000, 0x290ff4f0, 0x290ff600, 0x29a00000)
 compacting perm gen  total 12288K, used 2230K [0x33a00000, 0x34600000, 0x37a00000)
   the space 12288K,  18% used [0x33a00000, 0x33c2da88, 0x33c2dc00, 0x34600000)
    ro space 10240K,  44% used [0x37a00000, 0x37e7b880, 0x37e7ba00, 0x38400000)
    rw space 12288K,  52% used [0x38400000, 0x38a43888, 0x38a43a00, 0x39000000)
}

Deoptimization events (0 events):
No events

Internal exceptions (10 events):
Event: 0.534 Thread 0x011fb800 Threw 0x23e39e88 at C:\re\jdk7u75\1940\hotspot\src\share\vm\prims\jvm.cpp:1281
Event: 0.535 Thread 0x011fb800 Threw 0x23e40e28 at C:\re\jdk7u75\1940\hotspot\src\share\vm\prims\jvm.cpp:1281
Event: 0.543 Thread 0x0168e400 Threw 0x23a29c50 at C:\re\jdk7u75\1940\hotspot\src\share\vm\interpreter\linkResolver.cpp:892
Event: 44.500 Thread 0x03f3ec00 Threw 0x23d40048 at C:\re\jdk7u75\1940\hotspot\src\share\vm\prims\jvm.cpp:1281
Event: 44.500 Thread 0x03f3ec00 Threw 0x23d43e60 at C:\re\jdk7u75\1940\hotspot\src\share\vm\prims\jvm.cpp:1281
Event: 90.545 Thread 0x03f3ec00 Threw 0x23afeeb8 at C:\re\jdk7u75\1940\hotspot\src\share\vm\prims\jvm.cpp:1281
Event: 90.547 Thread 0x03f3ec00 Threw 0x23b078c8 at C:\re\jdk7u75\1940\hotspot\src\share\vm\prims\jvm.cpp:1281
Event: 90.548 Thread 0x03f3ec00 Threw 0x23b09d40 at C:\re\jdk7u75\1940\hotspot\src\share\vm\prims\jvm.cpp:1281
Event: 90.551 Thread 0x03f3ec00 Threw 0x23b19920 at C:\re\jdk7u75\1940\hotspot\src\share\vm\prims\jvm.cpp:1281
Event: 90.554 Thread 0x03f3ec00 Threw 0x23b27e40 at C:\re\jdk7u75\1940\hotspot\src\share\vm\prims\jvm.cpp:1281

Events (10 events):
Event: 93.738 Executing VM operation: BulkRevokeBias
Event: 93.738 Executing VM operation: BulkRevokeBias done
Event: 96.944 loading class 0x03f0d360
Event: 96.944 loading class 0x03f0d360 done
Event: 96.954 Executing VM operation: RevokeBias
Event: 96.954 Executing VM operation: RevokeBias done
Event: 97.611 loading class 0x39197460
Event: 97.611 loading class 0x39197460 done
Event: 97.611 loading class 0x03f0ee60
Event: 97.611 loading class 0x03f0ee60 done


Dynamic libraries:
0x01110000 - 0x0113f000 	C:\java\jdk\bin\java.exe
0x77d00000 - 0x77e3c000 	C:\Windows\SYSTEM32\ntdll.dll
0x76ee0000 - 0x76fb4000 	C:\Windows\system32\kernel32.dll
0x75f40000 - 0x75f8b000 	C:\Windows\system32\KERNELBASE.dll
0x77020000 - 0x770c0000 	C:\Windows\system32\ADVAPI32.dll
0x77e80000 - 0x77f2c000 	C:\Windows\system32\msvcrt.dll
0x77910000 - 0x77929000 	C:\Windows\SYSTEM32\sechost.dll
0x76e20000 - 0x76ec1000 	C:\Windows\system32\RPCRT4.dll
0x77840000 - 0x77909000 	C:\Windows\system32\USER32.dll
0x770c0000 - 0x7710e000 	C:\Windows\system32\GDI32.dll
0x77e70000 - 0x77e7a000 	C:\Windows\system32\LPK.dll
0x77980000 - 0x77a1d000 	C:\Windows\system32\USP10.dll
0x74c20000 - 0x74dbe000 	C:\Windows\WinSxS\x86_microsoft.windows.common-controls_6595b64144ccf1df_6.0.7601.17514_none_41e6975e2bd6f2b2\COMCTL32.dll
0x77310000 - 0x77367000 	C:\Windows\system32\SHLWAPI.dll
0x77e40000 - 0x77e5f000 	C:\Windows\system32\IMM32.DLL
0x77740000 - 0x7780c000 	C:\Windows\system32\MSCTF.dll
0x70750000 - 0x7080f000 	C:\java\jdk\jre\bin\msvcr100.dll
0x68cf0000 - 0x69079000 	C:\java\jdk\jre\bin\client\jvm.dll
0x6f230000 - 0x6f237000 	C:\Windows\system32\WSOCK32.dll
0x76190000 - 0x761c5000 	C:\Windows\system32\WS2_32.dll
0x77110000 - 0x77116000 	C:\Windows\system32\NSI.dll
0x74340000 - 0x74372000 	C:\Windows\system32\WINMM.dll
0x76ed0000 - 0x76ed5000 	C:\Windows\system32\PSAPI.DLL
0x732c0000 - 0x732cc000 	C:\java\jdk\jre\bin\verify.dll
0x732a0000 - 0x732c0000 	C:\java\jdk\jre\bin\java.dll
0x73280000 - 0x73293000 	C:\java\jdk\jre\bin\zip.dll
0x6a220000 - 0x6a363000 	C:\java\jdk\jre\bin\awt.dll
0x77590000 - 0x7761f000 	C:\Windows\system32\OLEAUT32.dll
0x77120000 - 0x7727c000 	C:\Windows\system32\ole32.dll
0x74b70000 - 0x74bb0000 	C:\Windows\system32\uxtheme.dll
0x74880000 - 0x74893000 	C:\Windows\system32\dwmapi.dll
0x75e10000 - 0x75e1c000 	C:\Windows\system32\CRYPTBASE.dll
0x761d0000 - 0x76e1a000 	C:\Windows\system32\SHELL32.dll
0x714d0000 - 0x71693000 	C:\Windows\system32\d3d9.dll
0x75380000 - 0x75389000 	C:\Windows\system32\VERSION.dll
0x716a0000 - 0x716a6000 	C:\Windows\system32\d3d8thk.dll
0x737f0000 - 0x73bf5000 	C:\Windows\system32\atiumdag.dll
0x73340000 - 0x737e4000 	C:\Windows\system32\atiumdva.dll
0x6a1e0000 - 0x6a219000 	C:\java\jdk\jre\bin\fontmanager.dll
0x71fa0000 - 0x71fb4000 	C:\java\jdk\jre\bin\net.dll
0x758f0000 - 0x7592c000 	C:\Windows\system32\mswsock.dll
0x758e0000 - 0x758e6000 	C:\Windows\System32\wship6.dll
0x71fd0000 - 0x71fdf000 	C:\java\jdk\jre\bin\nio.dll
0x70720000 - 0x70750000 	C:\java\jdk\jre\bin\t2k.dll
0x710a0000 - 0x71124000 	C:\Windows\WinSxS\x86_microsoft.windows.common-controls_6595b64144ccf1df_5.82.7601.17514_none_ec83dffa859149af\comctl32.dll
0x77370000 - 0x7750d000 	C:\Windows\system32\SETUPAPI.dll
0x75f10000 - 0x75f37000 	C:\Windows\system32\CFGMGR32.dll
0x76020000 - 0x76032000 	C:\Windows\system32\DEVOBJ.dll
0x75dc0000 - 0x75e0c000 	C:\Windows\system32\apphelp.dll
0x77280000 - 0x77303000 	C:\Windows\system32\CLBCatQ.DLL
0x6e440000 - 0x6e5d8000 	C:\Windows\system32\NetworkExplorer.dll
0x74dc0000 - 0x74eb5000 	C:\Windows\system32\PROPSYS.dll
0x74570000 - 0x74591000 	C:\Windows\system32\ntmarta.dll
0x77930000 - 0x77975000 	C:\Windows\system32\WLDAP32.dll
0x6f560000 - 0x6f58e000 	C:\Windows\System32\shdocvw.dll
0x75e90000 - 0x75e9b000 	C:\Windows\system32\profapi.dll
0x74660000 - 0x7466a000 	C:\Windows\system32\slc.dll
0x71940000 - 0x71952000 	C:\Windows\system32\MPR.dll
0x6e430000 - 0x6e438000 	C:\Windows\System32\drprov.dll
0x75570000 - 0x75599000 	C:\Windows\System32\WINSTA.dll
0x6e410000 - 0x6e424000 	C:\Windows\System32\ntlanman.dll
0x6e3f0000 - 0x6e407000 	C:\Windows\System32\davclnt.dll
0x6e3e0000 - 0x6e3e8000 	C:\Windows\System32\DAVHLPR.dll
0x741f0000 - 0x741ff000 	C:\Windows\system32\wkscli.dll
0x708c0000 - 0x708cb000 	C:\Windows\system32\cscapi.dll
0x74200000 - 0x74209000 	C:\Windows\system32\netutils.dll
0x69530000 - 0x69768000 	C:\Windows\system32\wpdshext.dll
0x749e0000 - 0x74b70000 	C:\Windows\WinSxS\x86_microsoft.windows.gdiplus_6595b64144ccf1df_1.1.7601.17825_none_72d273598668a06b\gdiplus.dll
0x70810000 - 0x70899000 	C:\Windows\system32\PortableDeviceApi.dll
0x76040000 - 0x7606d000 	C:\Windows\system32\WINTRUST.dll
0x76070000 - 0x7618e000 	C:\Windows\system32\CRYPT32.dll
0x75f00000 - 0x75f0c000 	C:\Windows\system32\MSASN1.dll
0x6fd70000 - 0x6fd9b000 	C:\Windows\system32\PortableDeviceTypes.dll
0x6efb0000 - 0x6efef000 	C:\Windows\system32\audiodev.dll
0x6fe00000 - 0x70067000 	C:\Windows\system32\WMVCore.DLL
0x6fdc0000 - 0x6fdfd000 	C:\Windows\system32\WMASF.DLL
0x6f7a0000 - 0x6f7d1000 	C:\Windows\system32\EhStorShell.dll
0x6a1b0000 - 0x6a1d2000 	C:\Windows\system32\EhStorAPI.dll
0x6f550000 - 0x6f559000 	C:\Windows\system32\LINKINFO.dll
0x6f2d0000 - 0x6f548000 	C:\Windows\System32\gameux.dll
0x74850000 - 0x7487f000 	C:\Windows\System32\XmlLite.dll
0x705f0000 - 0x70651000 	C:\Windows\System32\wer.dll
0x743c0000 - 0x744bb000 	C:\Windows\system32\WindowsCodecs.dll
0x6f810000 - 0x6f94d000 	C:\Program Files\Yandex\YandexDisk\bin\YandexDiskOverlays-2398.dll
0x6f730000 - 0x6f79a000 	C:\Windows\System32\cscui.dll
0x6fcb0000 - 0x6fcb9000 	C:\Windows\System32\CSCDLL.dll
0x6f6c0000 - 0x6f730000 	C:\Windows\system32\ntshrui.dll
0x75bd0000 - 0x75be9000 	C:\Windows\system32\srvcli.dll
0x61380000 - 0x61409000 	C:\Users\вадик\AppData\Local\Temp\sqlite-3.7.2-sqlitejdbc.dll
0x71e00000 - 0x71eeb000 	C:\Windows\system32\dbghelp.dll

VM Arguments:
jvm_args: -Dfile.encoding=UTF-8 -Djava.security.policy=applet.policy 
java_command: ru.viljinsky.forms.Main4
Launcher Type: SUN_STANDARD

Environment Variables:
JAVA_HOME=c:\java\jdk
PATH=C:\Windows\system32;C:\Windows;C:\Windows\System32\Wbem;C:\Windows\System32\WindowsPowerShell\v1.0\;c:\apache\bin;C:\nodejs\;C:\Users\вадик\AppData\Roaming\npm;c:\java\jdk\bin
USERNAME=вадик
OS=Windows_NT
PROCESSOR_IDENTIFIER=x86 Family 6 Model 58 Stepping 9, GenuineIntel



---------------  S Y S T E M  ---------------

OS: Windows 7 Build 7601 Service Pack 1

CPU:total 4 (2 cores per cpu, 2 threads per core) family 6 model 58 stepping 9, cmov, cx8, fxsr, mmx, sse, sse2, sse3, ssse3, sse4.1, sse4.2, popcnt, avx, erms, ht, tsc, tscinvbit, tscinv

Memory: 4k page, physical 3634936k(1890720k free), swap 7268120k(5380508k free)

vm_info: Java HotSpot(TM) Client VM (24.75-b04) for windows-x86 JRE (1.7.0_75-b13), built on Dec 18 2014 17:06:46 by "java_re" with unknown MS VC++:1600

time: Fri Mar 27 15:40:53 2015
elapsed time: 98 seconds

