#
# A fatal error has been detected by the Java Runtime Environment:
#
#  EXCEPTION_ACCESS_VIOLATION (0xc0000005) at pc=0x68c929c9, pid=488, tid=3856
#
# JRE version: Java(TM) SE Runtime Environment (7.0_75-b13) (build 1.7.0_75-b13)
# Java VM: Java HotSpot(TM) Client VM (24.75-b04 mixed mode, sharing windows-x86 )
# Problematic frame:
# V  [jvm.dll+0xc29c9]
#
# Failed to write core dump. Minidumps are not enabled by default on client versions of Windows
#
# If you would like to submit a bug report, please visit:
#   http://bugreport.sun.com/bugreport/crash.jsp
#

---------------  T H R E A D  ---------------

Current thread (0x03dcdc00):  JavaThread "AWT-EventQueue-0" [_thread_in_vm, id=3856, stack(0x043d0000,0x04420000)]

siginfo: ExceptionCode=0xc0000005, reading address 0x00000000

Registers:
EAX=0x00000000, EBX=0x03dcdc00, ECX=0x00000000, EDX=0x00000000
ESP=0x0441cc14, EBP=0x0441cc28, ESI=0x0031ecc0, EDI=0x03dcdd30
EIP=0x68c929c9, EFLAGS=0x00010246

Top of Stack: (sp=0x0441cc14)
0x0441cc14:   33bc07b0 03dcdc00 00000000 01900724
0x0441cc24:   33bc07b0 0441cc58 61381f65 03dcdd30
0x0441cc34:   00000000 00000000 018f2908 00000000
0x0441cc44:   0441cd0c 0441cce4 33bc07b0 33bc07a8
0x0441cc54:   03dcdc00 0441cc98 018fb145 03dcdd30
0x0441cc64:   0441ccac 00000000 0441cc70 00000000
0x0441cc74:   290aed30 0441cc70 00000000 0441ccac
0x0441cc84:   33bc6b00 00000000 33bc07b0 00000000 

Instructions: (pc=0x68c929c9)
0x68c929a9:   f3 ff 83 c4 08 83 7b 04 00 89 5d f0 c7 45 f4 00
0x68c929b9:   00 00 00 74 08 8d 4d f0 e8 4a c5 0c 00 8b 45 0c
0x68c929c9:   8b 00 56 57 50 89 45 0c e8 7a 36 f7 ff 83 c4 04
0x68c929d9:   80 3d 28 84 f1 68 00 8d 70 01 74 0c 6a 00 e8 d4 


Register to memory mapping:

EAX=0x00000000 is an unknown value
EBX=0x03dcdc00 is a thread
ECX=0x00000000 is an unknown value
EDX=0x00000000 is an unknown value
ESP=0x0441cc14 is pointing into the stack for thread: 0x03dcdc00
EBP=0x0441cc28 is pointing into the stack for thread: 0x03dcdc00
ESI=0x0031ecc0 is an unknown value
EDI=0x03dcdd30 is an unknown value


Stack: [0x043d0000,0x04420000],  sp=0x0441cc14,  free space=307k
Native frames: (J=compiled Java code, j=interpreted, Vv=VM code, C=native code)
V  [jvm.dll+0xc29c9]
C  [sqlite-3.7.2-sqlitejdbc.dll+0x1f65]
j  org.sqlite.NativeDB.prepare(Ljava/lang/String;)J+0
j  org.sqlite.DB.prepare(Lorg/sqlite/Stmt;)V+21
j  org.sqlite.PrepStmt.<init>(Lorg/sqlite/Conn;Ljava/lang/String;)V+15
j  org.sqlite.Conn.prepareStatement(Ljava/lang/String;III)Ljava/sql/PreparedStatement;+14
j  org.sqlite.Conn.prepareStatement(Ljava/lang/String;II)Ljava/sql/PreparedStatement;+5
j  org.sqlite.Conn.prepareStatement(Ljava/lang/String;)Ljava/sql/PreparedStatement;+8
j  ru.viljinsky.Dataset.edit(Ljava/lang/Integer;Ljava/util/Map;)V+211
j  ru.viljinsky.Grid$5.doOnEntry()V+29
j  ru.viljinsky.BaseDialog.actionPerformed(Ljava/awt/event/ActionEvent;)V+89
j  javax.swing.AbstractButton.fireActionPerformed(Ljava/awt/event/ActionEvent;)V+84
j  javax.swing.AbstractButton$Handler.actionPerformed(Ljava/awt/event/ActionEvent;)V+5
j  javax.swing.DefaultButtonModel.fireActionPerformed(Ljava/awt/event/ActionEvent;)V+35
j  javax.swing.DefaultButtonModel.setPressed(Z)V+117
j  javax.swing.plaf.basic.BasicButtonListener.mouseReleased(Ljava/awt/event/MouseEvent;)V+35
j  java.awt.Component.processMouseEvent(Ljava/awt/event/MouseEvent;)V+64
j  javax.swing.JComponent.processMouseEvent(Ljava/awt/event/MouseEvent;)V+23
j  java.awt.Component.processEvent(Ljava/awt/AWTEvent;)V+81
j  java.awt.Container.processEvent(Ljava/awt/AWTEvent;)V+18
J 883 C1 java.awt.Component.dispatchEventImpl(Ljava/awt/AWTEvent;)V (875 bytes) @ 0x01a9cc04 [0x01a9be70+0xd94]
J 835 C1 java.awt.Container.dispatchEventImpl(Ljava/awt/AWTEvent;)V (129 bytes) @ 0x01a8d5fc [0x01a8d5a0+0x5c]
J 364 C1 java.awt.LightweightDispatcher.retargetMouseEvent(Ljava/awt/Component;ILjava/awt/event/MouseEvent;)V (350 bytes) @ 0x019fa198 [0x019f9b40+0x658]
j  java.awt.LightweightDispatcher.processMouseEvent(Ljava/awt/event/MouseEvent;)Z+139
J 948 C1 java.awt.LightweightDispatcher.dispatchEvent(Ljava/awt/AWTEvent;)Z (73 bytes) @ 0x01ac6a5c [0x01ac6970+0xec]
J 835 C1 java.awt.Container.dispatchEventImpl(Ljava/awt/AWTEvent;)V (129 bytes) @ 0x01a8d5e0 [0x01a8d5a0+0x40]
j  java.awt.Window.dispatchEventImpl(Ljava/awt/AWTEvent;)V+19
J 803 C1 java.awt.EventQueue.dispatchEventImpl(Ljava/awt/AWTEvent;Ljava/lang/Object;)V (149 bytes) @ 0x01a823e4 [0x01a82000+0x3e4]
J 800 C1 java.awt.EventQueue$3.run()Ljava/lang/Object; (5 bytes) @ 0x01a81840 [0x01a81810+0x30]
v  ~StubRoutines::call_stub
V  [jvm.dll+0x141eba]
V  [jvm.dll+0x2061de]
V  [jvm.dll+0x141f3d]
V  [jvm.dll+0xfc3aa]
C  [java.dll+0x102f]
J 465 C1 java.security.ProtectionDomain$1.doIntersectionPrivilege(Ljava/security/PrivilegedAction;Ljava/security/AccessControlContext;Ljava/security/AccessControlContext;)Ljava/lang/Object; (32 bytes) @ 0x01a1b250 [0x01a1b1b0+0xa0]
J 880 C1 java.awt.EventQueue$4.run()Ljava/lang/Object; (5 bytes) @ 0x01a9afa8 [0x01a9aef0+0xb8]
v  ~StubRoutines::call_stub
V  [jvm.dll+0x141eba]
V  [jvm.dll+0x2061de]
V  [jvm.dll+0x141f3d]
V  [jvm.dll+0xfc3aa]
C  [java.dll+0x102f]
J 797 C1 java.awt.EventQueue.dispatchEvent(Ljava/awt/AWTEvent;)V (80 bytes) @ 0x01a809f0 [0x01a80740+0x2b0]
J 381 C1 java.awt.EventDispatchThread.pumpOneEventForFilters(I)V (295 bytes) @ 0x019fe0ac [0x019fda10+0x69c]
J 915 C1 java.awt.EventDispatchThread.pumpEventsForFilter(ILjava/awt/Conditional;Ljava/awt/EventFilter;)V (47 bytes) @ 0x01aa8f0c [0x01aa8e80+0x8c]
j  java.awt.EventDispatchThread.pumpEventsForFilter(Ljava/awt/Conditional;Ljava/awt/EventFilter;)V+4
j  java.awt.WaitDispatchSupport$2.run()V+59
j  java.awt.WaitDispatchSupport$4.run()Ljava/lang/Object;+4
v  ~StubRoutines::call_stub
V  [jvm.dll+0x141eba]
V  [jvm.dll+0x2061de]
V  [jvm.dll+0x141f3d]
V  [jvm.dll+0xfc3aa]
C  [java.dll+0x1015]
j  java.awt.WaitDispatchSupport.enter()Z+231
j  java.awt.Dialog.show()V+233
j  java.awt.Component.show(Z)V+5
j  java.awt.Component.setVisible(Z)V+2
j  java.awt.Window.setVisible(Z)V+2
j  java.awt.Dialog.setVisible(Z)V+2
j  ru.viljinsky.BaseDialog.showModal(Ljava/awt/Component;)Ljava/lang/Integer;+121
j  ru.viljinsky.Grid.edit()V+64
j  ru.viljinsky.Grid$3.mouseClicked(Ljava/awt/event/MouseEvent;)V+12
j  java.awt.AWTEventMulticaster.mouseClicked(Ljava/awt/event/MouseEvent;)V+21
j  java.awt.Component.processMouseEvent(Ljava/awt/event/MouseEvent;)V+74
j  javax.swing.JComponent.processMouseEvent(Ljava/awt/event/MouseEvent;)V+23
j  java.awt.Component.processEvent(Ljava/awt/AWTEvent;)V+81
j  java.awt.Container.processEvent(Ljava/awt/AWTEvent;)V+18
J 883 C1 java.awt.Component.dispatchEventImpl(Ljava/awt/AWTEvent;)V (875 bytes) @ 0x01a9cc04 [0x01a9be70+0xd94]
J 835 C1 java.awt.Container.dispatchEventImpl(Ljava/awt/AWTEvent;)V (129 bytes) @ 0x01a8d5fc [0x01a8d5a0+0x5c]
J 364 C1 java.awt.LightweightDispatcher.retargetMouseEvent(Ljava/awt/Component;ILjava/awt/event/MouseEvent;)V (350 bytes) @ 0x019fa198 [0x019f9b40+0x658]
j  java.awt.LightweightDispatcher.processMouseEvent(Ljava/awt/event/MouseEvent;)Z+157
j  java.awt.LightweightDispatcher.dispatchEvent(Ljava/awt/AWTEvent;)Z+50
J 835 C1 java.awt.Container.dispatchEventImpl(Ljava/awt/AWTEvent;)V (129 bytes) @ 0x01a8d5e0 [0x01a8d5a0+0x40]
J 803 C1 java.awt.EventQueue.dispatchEventImpl(Ljava/awt/AWTEvent;Ljava/lang/Object;)V (149 bytes) @ 0x01a823e4 [0x01a82000+0x3e4]
J 800 C1 java.awt.EventQueue$3.run()Ljava/lang/Object; (5 bytes) @ 0x01a81840 [0x01a81810+0x30]
v  ~StubRoutines::call_stub
V  [jvm.dll+0x141eba]
V  [jvm.dll+0x2061de]
V  [jvm.dll+0x141f3d]
V  [jvm.dll+0xfc3aa]
C  [java.dll+0x102f]
J 465 C1 java.security.ProtectionDomain$1.doIntersectionPrivilege(Ljava/security/PrivilegedAction;Ljava/security/AccessControlContext;Ljava/security/AccessControlContext;)Ljava/lang/Object; (32 bytes) @ 0x01a1b250 [0x01a1b1b0+0xa0]
J 880 C1 java.awt.EventQueue$4.run()Ljava/lang/Object; (5 bytes) @ 0x01a9afa8 [0x01a9aef0+0xb8]
v  ~StubRoutines::call_stub
V  [jvm.dll+0x141eba]
V  [jvm.dll+0x2061de]
V  [jvm.dll+0x141f3d]
V  [jvm.dll+0xfc3aa]
C  [java.dll+0x102f]
J 797 C1 java.awt.EventQueue.dispatchEvent(Ljava/awt/AWTEvent;)V (80 bytes) @ 0x01a809f0 [0x01a80740+0x2b0]
J 381 C1 java.awt.EventDispatchThread.pumpOneEventForFilters(I)V (295 bytes) @ 0x019fe0ac [0x019fda10+0x69c]
j  java.awt.EventDispatchThread.pumpEventsForFilter(ILjava/awt/Conditional;Ljava/awt/EventFilter;)V+35
j  java.awt.EventDispatchThread.pumpEventsForHierarchy(ILjava/awt/Conditional;Ljava/awt/Component;)V+11
j  java.awt.EventDispatchThread.pumpEvents(ILjava/awt/Conditional;)V+4
j  java.awt.EventDispatchThread.pumpEvents(Ljava/awt/Conditional;)V+3
j  java.awt.EventDispatchThread.run()V+9
v  ~StubRoutines::call_stub
V  [jvm.dll+0x141eba]
...<more frames>...

Java frames: (J=compiled Java code, j=interpreted, Vv=VM code)
j  org.sqlite.NativeDB.prepare(Ljava/lang/String;)J+0
j  org.sqlite.DB.prepare(Lorg/sqlite/Stmt;)V+21
j  org.sqlite.PrepStmt.<init>(Lorg/sqlite/Conn;Ljava/lang/String;)V+15
j  org.sqlite.Conn.prepareStatement(Ljava/lang/String;III)Ljava/sql/PreparedStatement;+14
j  org.sqlite.Conn.prepareStatement(Ljava/lang/String;II)Ljava/sql/PreparedStatement;+5
j  org.sqlite.Conn.prepareStatement(Ljava/lang/String;)Ljava/sql/PreparedStatement;+8
j  ru.viljinsky.Dataset.edit(Ljava/lang/Integer;Ljava/util/Map;)V+211
j  ru.viljinsky.Grid$5.doOnEntry()V+29
j  ru.viljinsky.BaseDialog.actionPerformed(Ljava/awt/event/ActionEvent;)V+89
j  javax.swing.AbstractButton.fireActionPerformed(Ljava/awt/event/ActionEvent;)V+84
j  javax.swing.AbstractButton$Handler.actionPerformed(Ljava/awt/event/ActionEvent;)V+5
j  javax.swing.DefaultButtonModel.fireActionPerformed(Ljava/awt/event/ActionEvent;)V+35
j  javax.swing.DefaultButtonModel.setPressed(Z)V+117
j  javax.swing.plaf.basic.BasicButtonListener.mouseReleased(Ljava/awt/event/MouseEvent;)V+35
j  java.awt.Component.processMouseEvent(Ljava/awt/event/MouseEvent;)V+64
j  javax.swing.JComponent.processMouseEvent(Ljava/awt/event/MouseEvent;)V+23
j  java.awt.Component.processEvent(Ljava/awt/AWTEvent;)V+81
j  java.awt.Container.processEvent(Ljava/awt/AWTEvent;)V+18
J 883 C1 java.awt.Component.dispatchEventImpl(Ljava/awt/AWTEvent;)V (875 bytes) @ 0x01a9cc04 [0x01a9be70+0xd94]
J 835 C1 java.awt.Container.dispatchEventImpl(Ljava/awt/AWTEvent;)V (129 bytes) @ 0x01a8d5fc [0x01a8d5a0+0x5c]
J 364 C1 java.awt.LightweightDispatcher.retargetMouseEvent(Ljava/awt/Component;ILjava/awt/event/MouseEvent;)V (350 bytes) @ 0x019fa198 [0x019f9b40+0x658]
j  java.awt.LightweightDispatcher.processMouseEvent(Ljava/awt/event/MouseEvent;)Z+139
J 948 C1 java.awt.LightweightDispatcher.dispatchEvent(Ljava/awt/AWTEvent;)Z (73 bytes) @ 0x01ac6a5c [0x01ac6970+0xec]
J 835 C1 java.awt.Container.dispatchEventImpl(Ljava/awt/AWTEvent;)V (129 bytes) @ 0x01a8d5e0 [0x01a8d5a0+0x40]
j  java.awt.Window.dispatchEventImpl(Ljava/awt/AWTEvent;)V+19
J 803 C1 java.awt.EventQueue.dispatchEventImpl(Ljava/awt/AWTEvent;Ljava/lang/Object;)V (149 bytes) @ 0x01a823e4 [0x01a82000+0x3e4]
J 800 C1 java.awt.EventQueue$3.run()Ljava/lang/Object; (5 bytes) @ 0x01a81840 [0x01a81810+0x30]
v  ~StubRoutines::call_stub
J 442  java.security.AccessController.doPrivileged(Ljava/security/PrivilegedAction;Ljava/security/AccessControlContext;)Ljava/lang/Object; (0 bytes) @ 0x01a13607 [0x01a135a0+0x67]
J 465 C1 java.security.ProtectionDomain$1.doIntersectionPrivilege(Ljava/security/PrivilegedAction;Ljava/security/AccessControlContext;Ljava/security/AccessControlContext;)Ljava/lang/Object; (32 bytes) @ 0x01a1b250 [0x01a1b1b0+0xa0]
J 880 C1 java.awt.EventQueue$4.run()Ljava/lang/Object; (5 bytes) @ 0x01a9afa8 [0x01a9aef0+0xb8]
v  ~StubRoutines::call_stub
J 442  java.security.AccessController.doPrivileged(Ljava/security/PrivilegedAction;Ljava/security/AccessControlContext;)Ljava/lang/Object; (0 bytes) @ 0x01a13607 [0x01a135a0+0x67]
J 797 C1 java.awt.EventQueue.dispatchEvent(Ljava/awt/AWTEvent;)V (80 bytes) @ 0x01a809f0 [0x01a80740+0x2b0]
J 381 C1 java.awt.EventDispatchThread.pumpOneEventForFilters(I)V (295 bytes) @ 0x019fe0ac [0x019fda10+0x69c]
J 915 C1 java.awt.EventDispatchThread.pumpEventsForFilter(ILjava/awt/Conditional;Ljava/awt/EventFilter;)V (47 bytes) @ 0x01aa8f0c [0x01aa8e80+0x8c]
j  java.awt.EventDispatchThread.pumpEventsForFilter(Ljava/awt/Conditional;Ljava/awt/EventFilter;)V+4
j  java.awt.WaitDispatchSupport$2.run()V+59
j  java.awt.WaitDispatchSupport$4.run()Ljava/lang/Object;+4
v  ~StubRoutines::call_stub
j  java.security.AccessController.doPrivileged(Ljava/security/PrivilegedAction;)Ljava/lang/Object;+0
j  java.awt.WaitDispatchSupport.enter()Z+231
j  java.awt.Dialog.show()V+233
j  java.awt.Component.show(Z)V+5
j  java.awt.Component.setVisible(Z)V+2
j  java.awt.Window.setVisible(Z)V+2
j  java.awt.Dialog.setVisible(Z)V+2
j  ru.viljinsky.BaseDialog.showModal(Ljava/awt/Component;)Ljava/lang/Integer;+121
j  ru.viljinsky.Grid.edit()V+64
j  ru.viljinsky.Grid$3.mouseClicked(Ljava/awt/event/MouseEvent;)V+12
j  java.awt.AWTEventMulticaster.mouseClicked(Ljava/awt/event/MouseEvent;)V+21
j  java.awt.Component.processMouseEvent(Ljava/awt/event/MouseEvent;)V+74
j  javax.swing.JComponent.processMouseEvent(Ljava/awt/event/MouseEvent;)V+23
j  java.awt.Component.processEvent(Ljava/awt/AWTEvent;)V+81
j  java.awt.Container.processEvent(Ljava/awt/AWTEvent;)V+18
J 883 C1 java.awt.Component.dispatchEventImpl(Ljava/awt/AWTEvent;)V (875 bytes) @ 0x01a9cc04 [0x01a9be70+0xd94]
J 835 C1 java.awt.Container.dispatchEventImpl(Ljava/awt/AWTEvent;)V (129 bytes) @ 0x01a8d5fc [0x01a8d5a0+0x5c]
J 364 C1 java.awt.LightweightDispatcher.retargetMouseEvent(Ljava/awt/Component;ILjava/awt/event/MouseEvent;)V (350 bytes) @ 0x019fa198 [0x019f9b40+0x658]
j  java.awt.LightweightDispatcher.processMouseEvent(Ljava/awt/event/MouseEvent;)Z+157
j  java.awt.LightweightDispatcher.dispatchEvent(Ljava/awt/AWTEvent;)Z+50
J 835 C1 java.awt.Container.dispatchEventImpl(Ljava/awt/AWTEvent;)V (129 bytes) @ 0x01a8d5e0 [0x01a8d5a0+0x40]
J 803 C1 java.awt.EventQueue.dispatchEventImpl(Ljava/awt/AWTEvent;Ljava/lang/Object;)V (149 bytes) @ 0x01a823e4 [0x01a82000+0x3e4]
J 800 C1 java.awt.EventQueue$3.run()Ljava/lang/Object; (5 bytes) @ 0x01a81840 [0x01a81810+0x30]
v  ~StubRoutines::call_stub
J 442  java.security.AccessController.doPrivileged(Ljava/security/PrivilegedAction;Ljava/security/AccessControlContext;)Ljava/lang/Object; (0 bytes) @ 0x01a13607 [0x01a135a0+0x67]
J 465 C1 java.security.ProtectionDomain$1.doIntersectionPrivilege(Ljava/security/PrivilegedAction;Ljava/security/AccessControlContext;Ljava/security/AccessControlContext;)Ljava/lang/Object; (32 bytes) @ 0x01a1b250 [0x01a1b1b0+0xa0]
J 880 C1 java.awt.EventQueue$4.run()Ljava/lang/Object; (5 bytes) @ 0x01a9afa8 [0x01a9aef0+0xb8]
v  ~StubRoutines::call_stub
J 442  java.security.AccessController.doPrivileged(Ljava/security/PrivilegedAction;Ljava/security/AccessControlContext;)Ljava/lang/Object; (0 bytes) @ 0x01a13607 [0x01a135a0+0x67]
J 797 C1 java.awt.EventQueue.dispatchEvent(Ljava/awt/AWTEvent;)V (80 bytes) @ 0x01a809f0 [0x01a80740+0x2b0]
J 381 C1 java.awt.EventDispatchThread.pumpOneEventForFilters(I)V (295 bytes) @ 0x019fe0ac [0x019fda10+0x69c]
j  java.awt.EventDispatchThread.pumpEventsForFilter(ILjava/awt/Conditional;Ljava/awt/EventFilter;)V+35
j  java.awt.EventDispatchThread.pumpEventsForHierarchy(ILjava/awt/Conditional;Ljava/awt/Component;)V+11
j  java.awt.EventDispatchThread.pumpEvents(ILjava/awt/Conditional;)V+4
j  java.awt.EventDispatchThread.pumpEvents(Ljava/awt/Conditional;)V+3
j  java.awt.EventDispatchThread.run()V+9
v  ~StubRoutines::call_stub

---------------  P R O C E S S  ---------------

Java Threads: ( => current thread )
  0x03f0dc00 JavaThread "TimerQueue" daemon [_thread_blocked, id=2292, stack(0x07d10000,0x07d60000)]
  0x0179b800 JavaThread "DestroyJavaVM" [_thread_blocked, id=3016, stack(0x018a0000,0x018f0000)]
  0x03e8bc00 JavaThread "D3D Screen Updater" daemon [_thread_blocked, id=2648, stack(0x074b0000,0x07500000)]
  0x03e26000 JavaThread "Swing-Shell" daemon [_thread_blocked, id=1936, stack(0x044e0000,0x04530000)]
=>0x03dcdc00 JavaThread "AWT-EventQueue-0" [_thread_in_vm, id=3856, stack(0x043d0000,0x04420000)]
  0x03dc6800 JavaThread "AWT-Windows" daemon [_thread_in_native, id=1540, stack(0x04110000,0x04160000)]
  0x03dc6400 JavaThread "AWT-Shutdown" [_thread_blocked, id=2276, stack(0x03fc0000,0x04010000)]
  0x03dc3c00 JavaThread "Java2D Disposer" daemon [_thread_blocked, id=1268, stack(0x04080000,0x040d0000)]
  0x01226c00 JavaThread "Service Thread" daemon [_thread_blocked, id=2092, stack(0x03d10000,0x03d60000)]
  0x01221800 JavaThread "C1 CompilerThread0" daemon [_thread_blocked, id=2908, stack(0x03b00000,0x03b50000)]
  0x01220400 JavaThread "Attach Listener" daemon [_thread_blocked, id=856, stack(0x03c80000,0x03cd0000)]
  0x0121d000 JavaThread "Signal Dispatcher" daemon [_thread_blocked, id=836, stack(0x016f0000,0x01740000)]
  0x011b2000 JavaThread "Finalizer" daemon [_thread_blocked, id=996, stack(0x03a70000,0x03ac0000)]
  0x011ad000 JavaThread "Reference Handler" daemon [_thread_blocked, id=2148, stack(0x039c0000,0x03a10000)]

Other Threads:
  0x011ab400 VMThread [stack: 0x03a20000,0x03a70000] [id=2556]
  0x01238400 WatcherThread [stack: 0x03c20000,0x03c70000] [id=3068]

VM state:not at safepoint (normal execution)

VM Mutex/Monitor currently owned by a thread: None

Heap
 def new generation   total 4928K, used 2559K [0x23a00000, 0x23f50000, 0x28f50000)
  eden space 4416K,  57% used [0x23a00000, 0x23c7d6c0, 0x23e50000)
  from space 512K,   1% used [0x23ed0000, 0x23ed27d0, 0x23f50000)
  to   space 512K,   0% used [0x23e50000, 0x23e50000, 0x23ed0000)
 tenured generation   total 10944K, used 1648K [0x28f50000, 0x29a00000, 0x33a00000)
   the space 10944K,  15% used [0x28f50000, 0x290ec318, 0x290ec400, 0x29a00000)
 compacting perm gen  total 12288K, used 2397K [0x33a00000, 0x34600000, 0x37a00000)
   the space 12288K,  19% used [0x33a00000, 0x33c57500, 0x33c57600, 0x34600000)
    ro space 10240K,  44% used [0x37a00000, 0x37e7b880, 0x37e7ba00, 0x38400000)
    rw space 12288K,  52% used [0x38400000, 0x38a43888, 0x38a43a00, 0x39000000)

Card table byte_map: [0x038f0000,0x039a0000] byte_map_base: 0x037d3000

Polling page: 0x00260000

Code Cache  [0x018f0000, 0x01ac8000, 0x038f0000)
 total_blobs=1181 nmethods=946 adapters=170 free_code_cache=30881Kb largest_free_block=31622336

Compilation events (10 events):
Event: 46.981 Thread 0x01221800  947             javax.swing.SwingUtilities::getValidateRoot (98 bytes)
Event: 46.982 Thread 0x01221800 nmethod 947 0x01ac6348 code [0x01ac64a0, 0x01ac66e0]
Event: 47.053 Thread 0x01221800  948             java.awt.LightweightDispatcher::dispatchEvent (73 bytes)
Event: 47.053 Thread 0x01221800 nmethod 948 0x01ac6848 code [0x01ac6970, 0x01ac6b54]
Event: 47.517 Thread 0x01221800  949             sun.font.FontDesignMetrics::getLatinCharWidth (29 bytes)
Event: 47.517 Thread 0x01221800 nmethod 949 0x01ac6c88 code [0x01ac6db0, 0x01ac6ebc]
Event: 48.751 Thread 0x01221800  950             java.awt.event.InvocationEvent::<init> (52 bytes)
Event: 48.751 Thread 0x01221800 nmethod 950 0x01ac7008 code [0x01ac7110, 0x01ac723c]
Event: 49.322 Thread 0x01221800  951             sun.util.locale.LocaleUtils::caseIgnoreMatch (73 bytes)
Event: 49.323 Thread 0x01221800 nmethod 951 0x01ac72c8 code [0x01ac7400, 0x01ac76e8]

GC Heap History (10 events):
Event: 0.392 GC heap before
{Heap before GC invocations=0 (full 0):
 def new generation   total 4928K, used 4403K [0x23a00000, 0x23f50000, 0x28f50000)
  eden space 4416K,  99% used [0x23a00000, 0x23e4cd68, 0x23e50000)
  from space 512K,   0% used [0x23e50000, 0x23e50000, 0x23ed0000)
  to   space 512K,   0% used [0x23ed0000, 0x23ed0000, 0x23f50000)
 tenured generation   total 10944K, used 0K [0x28f50000, 0x29a00000, 0x33a00000)
   the space 10944K,   0% used [0x28f50000, 0x28f50000, 0x28f50200, 0x29a00000)
 compacting perm gen  total 12288K, used 1590K [0x33a00000, 0x34600000, 0x37a00000)
   the space 12288K,  12% used [0x33a00000, 0x33b8d900, 0x33b8da00, 0x34600000)
    ro space 10240K,  44% used [0x37a00000, 0x37e7b880, 0x37e7ba00, 0x38400000)
    rw space 12288K,  52% used [0x38400000, 0x38a43888, 0x38a43a00, 0x39000000)
Event: 0.398 GC heap after
Heap after GC invocations=1 (full 0):
 def new generation   total 4928K, used 512K [0x23a00000, 0x23f50000, 0x28f50000)
  eden space 4416K,   0% used [0x23a00000, 0x23a00000, 0x23e50000)
  from space 512K, 100% used [0x23ed0000, 0x23f50000, 0x23f50000)
  to   space 512K,   0% used [0x23e50000, 0x23e50000, 0x23ed0000)
 tenured generation   total 10944K, used 805K [0x28f50000, 0x29a00000, 0x33a00000)
   the space 10944K,   7% used [0x28f50000, 0x29019520, 0x29019600, 0x29a00000)
 compacting perm gen  total 12288K, used 1590K [0x33a00000, 0x34600000, 0x37a00000)
   the space 12288K,  12% used [0x33a00000, 0x33b8d900, 0x33b8da00, 0x34600000)
    ro space 10240K,  44% used [0x37a00000, 0x37e7b880, 0x37e7ba00, 0x38400000)
    rw space 12288K,  52% used [0x38400000, 0x38a43888, 0x38a43a00, 0x39000000)
}
Event: 7.527 GC heap before
{Heap before GC invocations=1 (full 0):
 def new generation   total 4928K, used 4928K [0x23a00000, 0x23f50000, 0x28f50000)
  eden space 4416K, 100% used [0x23a00000, 0x23e50000, 0x23e50000)
  from space 512K, 100% used [0x23ed0000, 0x23f50000, 0x23f50000)
  to   space 512K,   0% used [0x23e50000, 0x23e50000, 0x23ed0000)
 tenured generation   total 10944K, used 805K [0x28f50000, 0x29a00000, 0x33a00000)
   the space 10944K,   7% used [0x28f50000, 0x29019520, 0x29019600, 0x29a00000)
 compacting perm gen  total 12288K, used 2148K [0x33a00000, 0x34600000, 0x37a00000)
   the space 12288K,  17% used [0x33a00000, 0x33c19018, 0x33c19200, 0x34600000)
    ro space 10240K,  44% used [0x37a00000, 0x37e7b880, 0x37e7ba00, 0x38400000)
    rw space 12288K,  52% used [0x38400000, 0x38a43888, 0x38a43a00, 0x39000000)
Event: 7.532 GC heap after
Heap after GC invocations=2 (full 0):
 def new generation   total 4928K, used 512K [0x23a00000, 0x23f50000, 0x28f50000)
  eden space 4416K,   0% used [0x23a00000, 0x23a00000, 0x23e50000)
  from space 512K, 100% used [0x23e50000, 0x23ed0000, 0x23ed0000)
  to   space 512K,   0% used [0x23ed0000, 0x23ed0000, 0x23f50000)
 tenured generation   total 10944K, used 1307K [0x28f50000, 0x29a00000, 0x33a00000)
   the space 10944K,  11% used [0x28f50000, 0x29096fd0, 0x29097000, 0x29a00000)
 compacting perm gen  total 12288K, used 2148K [0x33a00000, 0x34600000, 0x37a00000)
   the space 12288K,  17% used [0x33a00000, 0x33c19018, 0x33c19200, 0x34600000)
    ro space 10240K,  44% used [0x37a00000, 0x37e7b880, 0x37e7ba00, 0x38400000)
    rw space 12288K,  52% used [0x38400000, 0x38a43888, 0x38a43a00, 0x39000000)
}
Event: 7.786 GC heap before
{Heap before GC invocations=2 (full 0):
 def new generation   total 4928K, used 4928K [0x23a00000, 0x23f50000, 0x28f50000)
  eden space 4416K, 100% used [0x23a00000, 0x23e50000, 0x23e50000)
  from space 512K, 100% used [0x23e50000, 0x23ed0000, 0x23ed0000)
  to   space 512K,   0% used [0x23ed0000, 0x23ed0000, 0x23f50000)
 tenured generation   total 10944K, used 1307K [0x28f50000, 0x29a00000, 0x33a00000)
   the space 10944K,  11% used [0x28f50000, 0x29096fd0, 0x29097000, 0x29a00000)
 compacting perm gen  total 12288K, used 2212K [0x33a00000, 0x34600000, 0x37a00000)
   the space 12288K,  18% used [0x33a00000, 0x33c292a0, 0x33c29400, 0x34600000)
    ro space 10240K,  44% used [0x37a00000, 0x37e7b880, 0x37e7ba00, 0x38400000)
    rw space 12288K,  52% used [0x38400000, 0x38a43888, 0x38a43a00, 0x39000000)
Event: 7.788 GC heap after
Heap after GC invocations=3 (full 0):
 def new generation   total 4928K, used 18K [0x23a00000, 0x23f50000, 0x28f50000)
  eden space 4416K,   0% used [0x23a00000, 0x23a00000, 0x23e50000)
  from space 512K,   3% used [0x23ed0000, 0x23ed4800, 0x23f50000)
  to   space 512K,   0% used [0x23e50000, 0x23e50000, 0x23ed0000)
 tenured generation   total 10944K, used 1648K [0x28f50000, 0x29a00000, 0x33a00000)
   the space 10944K,  15% used [0x28f50000, 0x290ec318, 0x290ec400, 0x29a00000)
 compacting perm gen  total 12288K, used 2212K [0x33a00000, 0x34600000, 0x37a00000)
   the space 12288K,  18% used [0x33a00000, 0x33c292a0, 0x33c29400, 0x34600000)
    ro space 10240K,  44% used [0x37a00000, 0x37e7b880, 0x37e7ba00, 0x38400000)
    rw space 12288K,  52% used [0x38400000, 0x38a43888, 0x38a43a00, 0x39000000)
}
Event: 7.988 GC heap before
{Heap before GC invocations=3 (full 0):
 def new generation   total 4928K, used 4434K [0x23a00000, 0x23f50000, 0x28f50000)
  eden space 4416K, 100% used [0x23a00000, 0x23e50000, 0x23e50000)
  from space 512K,   3% used [0x23ed0000, 0x23ed4800, 0x23f50000)
  to   space 512K,   0% used [0x23e50000, 0x23e50000, 0x23ed0000)
 tenured generation   total 10944K, used 1648K [0x28f50000, 0x29a00000, 0x33a00000)
   the space 10944K,  15% used [0x28f50000, 0x290ec318, 0x290ec400, 0x29a00000)
 compacting perm gen  total 12288K, used 2212K [0x33a00000, 0x34600000, 0x37a00000)
   the space 12288K,  18% used [0x33a00000, 0x33c292b0, 0x33c29400, 0x34600000)
    ro space 10240K,  44% used [0x37a00000, 0x37e7b880, 0x37e7ba00, 0x38400000)
    rw space 12288K,  52% used [0x38400000, 0x38a43888, 0x38a43a00, 0x39000000)
Event: 7.988 GC heap after
Heap after GC invocations=4 (full 0):
 def new generation   total 4928K, used 15K [0x23a00000, 0x23f50000, 0x28f50000)
  eden space 4416K,   0% used [0x23a00000, 0x23a00000, 0x23e50000)
  from space 512K,   2% used [0x23e50000, 0x23e53c98, 0x23ed0000)
  to   space 512K,   0% used [0x23ed0000, 0x23ed0000, 0x23f50000)
 tenured generation   total 10944K, used 1648K [0x28f50000, 0x29a00000, 0x33a00000)
   the space 10944K,  15% used [0x28f50000, 0x290ec318, 0x290ec400, 0x29a00000)
 compacting perm gen  total 12288K, used 2212K [0x33a00000, 0x34600000, 0x37a00000)
   the space 12288K,  18% used [0x33a00000, 0x33c292b0, 0x33c29400, 0x34600000)
    ro space 10240K,  44% used [0x37a00000, 0x37e7b880, 0x37e7ba00, 0x38400000)
    rw space 12288K,  52% used [0x38400000, 0x38a43888, 0x38a43a00, 0x39000000)
}
Event: 16.658 GC heap before
{Heap before GC invocations=4 (full 0):
 def new generation   total 4928K, used 4431K [0x23a00000, 0x23f50000, 0x28f50000)
  eden space 4416K, 100% used [0x23a00000, 0x23e50000, 0x23e50000)
  from space 512K,   2% used [0x23e50000, 0x23e53c98, 0x23ed0000)
  to   space 512K,   0% used [0x23ed0000, 0x23ed0000, 0x23f50000)
 tenured generation   total 10944K, used 1648K [0x28f50000, 0x29a00000, 0x33a00000)
   the space 10944K,  15% used [0x28f50000, 0x290ec318, 0x290ec400, 0x29a00000)
 compacting perm gen  total 12288K, used 2218K [0x33a00000, 0x34600000, 0x37a00000)
   the space 12288K,  18% used [0x33a00000, 0x33c2a8f0, 0x33c2aa00, 0x34600000)
    ro space 10240K,  44% used [0x37a00000, 0x37e7b880, 0x37e7ba00, 0x38400000)
    rw space 12288K,  52% used [0x38400000, 0x38a43888, 0x38a43a00, 0x39000000)
Event: 16.659 GC heap after
Heap after GC invocations=5 (full 0):
 def new generation   total 4928K, used 9K [0x23a00000, 0x23f50000, 0x28f50000)
  eden space 4416K,   0% used [0x23a00000, 0x23a00000, 0x23e50000)
  from space 512K,   1% used [0x23ed0000, 0x23ed27d0, 0x23f50000)
  to   space 512K,   0% used [0x23e50000, 0x23e50000, 0x23ed0000)
 tenured generation   total 10944K, used 1648K [0x28f50000, 0x29a00000, 0x33a00000)
   the space 10944K,  15% used [0x28f50000, 0x290ec318, 0x290ec400, 0x29a00000)
 compacting perm gen  total 12288K, used 2218K [0x33a00000, 0x34600000, 0x37a00000)
   the space 12288K,  18% used [0x33a00000, 0x33c2a8f0, 0x33c2aa00, 0x34600000)
    ro space 10240K,  44% used [0x37a00000, 0x37e7b880, 0x37e7ba00, 0x38400000)
    rw space 12288K,  52% used [0x38400000, 0x38a43888, 0x38a43a00, 0x39000000)
}

Deoptimization events (0 events):
No events

Internal exceptions (10 events):
Event: 5.546 Thread 0x03dcdc00 Threw 0x23da61c0 at C:\re\jdk7u75\1940\hotspot\src\share\vm\prims\jvm.cpp:1281
Event: 5.546 Thread 0x03dcdc00 Threw 0x23da9fc0 at C:\re\jdk7u75\1940\hotspot\src\share\vm\prims\jvm.cpp:1281
Event: 7.534 Thread 0x011b2000 Threw 0x23a28048 at C:\re\jdk7u75\1940\hotspot\src\share\vm\interpreter\linkResolver.cpp:892
Event: 23.743 Thread 0x03dcdc00 Threw 0x23b59828 at C:\re\jdk7u75\1940\hotspot\src\share\vm\prims\jvm.cpp:1281
Event: 44.322 Thread 0x03dcdc00 Threw 0x23be3250 at C:\re\jdk7u75\1940\hotspot\src\share\vm\prims\jvm.cpp:1281
Event: 44.324 Thread 0x03dcdc00 Threw 0x23beb680 at C:\re\jdk7u75\1940\hotspot\src\share\vm\prims\jvm.cpp:1281
Event: 44.326 Thread 0x03dcdc00 Threw 0x23bf0f78 at C:\re\jdk7u75\1940\hotspot\src\share\vm\prims\jvm.cpp:1281
Event: 44.329 Thread 0x03dcdc00 Threw 0x23bff680 at C:\re\jdk7u75\1940\hotspot\src\share\vm\prims\jvm.cpp:1281
Event: 44.338 Thread 0x03dcdc00 Threw 0x23c23928 at C:\re\jdk7u75\1940\hotspot\src\share\vm\prims\jvm.cpp:1281
Event: 49.460 Thread 0x03dcdc00 Threw 0x23c74548 at C:\re\jdk7u75\1940\hotspot\src\share\vm\prims\jvm.cpp:1281

Events (10 events):
Event: 46.782 loading class 0x390baaf8
Event: 46.782 loading class 0x390baaf8 done
Event: 46.783 loading class 0x390ef958
Event: 46.783 loading class 0x390ef958 done
Event: 46.783 loading class 0x391410e8
Event: 46.783 loading class 0x391410e8 done
Event: 49.460 loading class 0x03e8ec70
Event: 49.460 loading class 0x03e8ec70 done
Event: 49.461 loading class 0x03eb5b90
Event: 49.461 loading class 0x03eb5b90 done


Dynamic libraries:
0x01280000 - 0x012af000 	C:\java\jdk\bin\java.exe
0x77c70000 - 0x77dac000 	C:\Windows\SYSTEM32\ntdll.dll
0x77020000 - 0x770f4000 	C:\Windows\system32\kernel32.dll
0x75fd0000 - 0x7601b000 	C:\Windows\system32\KERNELBASE.dll
0x77100000 - 0x771a0000 	C:\Windows\system32\ADVAPI32.dll
0x762c0000 - 0x7636c000 	C:\Windows\system32\msvcrt.dll
0x77db0000 - 0x77dc9000 	C:\Windows\SYSTEM32\sechost.dll
0x77b40000 - 0x77be1000 	C:\Windows\system32\RPCRT4.dll
0x77380000 - 0x77449000 	C:\Windows\system32\USER32.dll
0x77940000 - 0x7798e000 	C:\Windows\system32\GDI32.dll
0x77350000 - 0x7735a000 	C:\Windows\system32\LPK.dll
0x77780000 - 0x7781d000 	C:\Windows\system32\USP10.dll
0x74ac0000 - 0x74c5e000 	C:\Windows\WinSxS\x86_microsoft.windows.common-controls_6595b64144ccf1df_6.0.7601.17514_none_41e6975e2bd6f2b2\COMCTL32.dll
0x76fc0000 - 0x77017000 	C:\Windows\system32\SHLWAPI.dll
0x77360000 - 0x7737f000 	C:\Windows\system32\IMM32.DLL
0x776b0000 - 0x7777c000 	C:\Windows\system32\MSCTF.dll
0x69230000 - 0x692ef000 	C:\java\jdk\jre\bin\msvcr100.dll
0x68bd0000 - 0x68f59000 	C:\java\jdk\jre\bin\client\jvm.dll
0x72a60000 - 0x72a67000 	C:\Windows\system32\WSOCK32.dll
0x77670000 - 0x776a5000 	C:\Windows\system32\WS2_32.dll
0x771a0000 - 0x771a6000 	C:\Windows\system32\NSI.dll
0x742f0000 - 0x74322000 	C:\Windows\system32\WINMM.dll
0x77dd0000 - 0x77dd5000 	C:\Windows\system32\PSAPI.DLL
0x6b050000 - 0x6b05c000 	C:\java\jdk\jre\bin\verify.dll
0x691d0000 - 0x691f0000 	C:\java\jdk\jre\bin\java.dll
0x691b0000 - 0x691c3000 	C:\java\jdk\jre\bin\zip.dll
0x69030000 - 0x69173000 	C:\java\jdk\jre\bin\awt.dll
0x77e10000 - 0x77e9f000 	C:\Windows\system32\OLEAUT32.dll
0x77990000 - 0x77aec000 	C:\Windows\system32\ole32.dll
0x74f70000 - 0x74fb0000 	C:\Windows\system32\uxtheme.dll
0x747e0000 - 0x747f3000 	C:\Windows\system32\dwmapi.dll
0x75d80000 - 0x75d8c000 	C:\Windows\system32\CRYPTBASE.dll
0x76370000 - 0x76fba000 	C:\Windows\system32\SHELL32.dll
0x71480000 - 0x71643000 	C:\Windows\system32\d3d9.dll
0x752f0000 - 0x752f9000 	C:\Windows\system32\VERSION.dll
0x71650000 - 0x71656000 	C:\Windows\system32\d3d8thk.dll
0x737f0000 - 0x73bf5000 	C:\Windows\system32\atiumdag.dll
0x73340000 - 0x737e4000 	C:\Windows\system32\atiumdva.dll
0x68ff0000 - 0x69029000 	C:\java\jdk\jre\bin\fontmanager.dll
0x69190000 - 0x691a4000 	C:\java\jdk\jre\bin\net.dll
0x75860000 - 0x7589c000 	C:\Windows\system32\mswsock.dll
0x75850000 - 0x75856000 	C:\Windows\System32\wship6.dll
0x69180000 - 0x6918f000 	C:\java\jdk\jre\bin\nio.dll
0x68fc0000 - 0x68ff0000 	C:\java\jdk\jre\bin\t2k.dll
0x71090000 - 0x71114000 	C:\Windows\WinSxS\x86_microsoft.windows.common-controls_6595b64144ccf1df_5.82.7601.17514_none_ec83dffa859149af\comctl32.dll
0x771b0000 - 0x7734d000 	C:\Windows\system32\SETUPAPI.dll
0x760b0000 - 0x760d7000 	C:\Windows\system32\CFGMGR32.dll
0x760e0000 - 0x760f2000 	C:\Windows\system32\DEVOBJ.dll
0x75d30000 - 0x75d7c000 	C:\Windows\system32\apphelp.dll
0x775d0000 - 0x77653000 	C:\Windows\system32\CLBCatQ.DLL
0x6e390000 - 0x6e528000 	C:\Windows\system32\NetworkExplorer.dll
0x74c60000 - 0x74d55000 	C:\Windows\system32\PROPSYS.dll
0x74330000 - 0x74351000 	C:\Windows\system32\ntmarta.dll
0x77af0000 - 0x77b35000 	C:\Windows\system32\WLDAP32.dll
0x6f4f0000 - 0x6f51e000 	C:\Windows\System32\shdocvw.dll
0x75e00000 - 0x75e0b000 	C:\Windows\system32\profapi.dll
0x74010000 - 0x7401a000 	C:\Windows\system32\slc.dll
0x71a10000 - 0x71a22000 	C:\Windows\system32\MPR.dll
0x6e530000 - 0x6e538000 	C:\Windows\System32\drprov.dll
0x754e0000 - 0x75509000 	C:\Windows\System32\WINSTA.dll
0x6e140000 - 0x6e154000 	C:\Windows\System32\ntlanman.dll
0x6e120000 - 0x6e137000 	C:\Windows\System32\davclnt.dll
0x6e110000 - 0x6e118000 	C:\Windows\System32\DAVHLPR.dll
0x74580000 - 0x7458f000 	C:\Windows\system32\wkscli.dll
0x708d0000 - 0x708db000 	C:\Windows\system32\cscapi.dll
0x74590000 - 0x74599000 	C:\Windows\system32\netutils.dll
0x67950000 - 0x67b88000 	C:\Windows\system32\wpdshext.dll
0x74930000 - 0x74ac0000 	C:\Windows\WinSxS\x86_microsoft.windows.gdiplus_6595b64144ccf1df_1.1.7601.17825_none_72d273598668a06b\gdiplus.dll
0x701d0000 - 0x70259000 	C:\Windows\system32\PortableDeviceApi.dll
0x75e80000 - 0x75ead000 	C:\Windows\system32\WINTRUST.dll
0x75eb0000 - 0x75fce000 	C:\Windows\system32\CRYPT32.dll
0x75e70000 - 0x75e7c000 	C:\Windows\system32\MSASN1.dll
0x6fca0000 - 0x6fccb000 	C:\Windows\system32\PortableDeviceTypes.dll
0x722e0000 - 0x7231f000 	C:\Windows\system32\audiodev.dll
0x6fd30000 - 0x6ff97000 	C:\Windows\system32\WMVCore.DLL
0x6fcf0000 - 0x6fd2d000 	C:\Windows\system32\WMASF.DLL
0x6f730000 - 0x6f761000 	C:\Windows\system32\EhStorShell.dll
0x72330000 - 0x72352000 	C:\Windows\system32\EhStorAPI.dll
0x6f4e0000 - 0x6f4e9000 	C:\Windows\system32\LINKINFO.dll
0x6f260000 - 0x6f4d8000 	C:\Windows\System32\gameux.dll
0x747b0000 - 0x747df000 	C:\Windows\System32\XmlLite.dll
0x703a0000 - 0x70401000 	C:\Windows\System32\wer.dll
0x746b0000 - 0x747ab000 	C:\Windows\system32\WindowsCodecs.dll
0x6f770000 - 0x6f8ad000 	C:\Program Files\Yandex\YandexDisk\bin\YandexDiskOverlays-2398.dll
0x6f6c0000 - 0x6f72a000 	C:\Windows\System32\cscui.dll
0x6f6b0000 - 0x6f6b9000 	C:\Windows\System32\CSCDLL.dll
0x6f640000 - 0x6f6b0000 	C:\Windows\system32\ntshrui.dll
0x75b40000 - 0x75b59000 	C:\Windows\system32\srvcli.dll
0x61380000 - 0x61409000 	C:\Users\вадик\AppData\Local\Temp\sqlite-3.7.2-sqlitejdbc.dll
0x71df0000 - 0x71edb000 	C:\Windows\system32\dbghelp.dll

VM Arguments:
jvm_args: -Dfile.encoding=UTF-8 -Djava.security.policy=applet.policy 
java_command: ru.viljinsky.forms.Main4
Launcher Type: SUN_STANDARD

Environment Variables:
JAVA_HOME=c:\java\jdk
PATH=C:\Windows\system32;C:\Windows;C:\Windows\System32\Wbem;C:\Windows\System32\WindowsPowerShell\v1.0\;c:\apache\bin;C:\nodejs\;C:\Users\вадик\AppData\Roaming\npm;c:\java\jdk\bin
USERNAME=вадик
OS=Windows_NT
PROCESSOR_IDENTIFIER=x86 Family 6 Model 58 Stepping 9, GenuineIntel



---------------  S Y S T E M  ---------------

OS: Windows 7 Build 7601 Service Pack 1

CPU:total 4 (2 cores per cpu, 2 threads per core) family 6 model 58 stepping 9, cmov, cx8, fxsr, mmx, sse, sse2, sse3, ssse3, sse4.1, sse4.2, popcnt, avx, erms, ht, tsc, tscinvbit, tscinv

Memory: 4k page, physical 3634936k(1757660k free), swap 7268120k(5264868k free)

vm_info: Java HotSpot(TM) Client VM (24.75-b04) for windows-x86 JRE (1.7.0_75-b13), built on Dec 18 2014 17:06:46 by "java_re" with unknown MS VC++:1600

time: Thu Mar 26 12:19:11 2015
elapsed time: 49 seconds

